2017-07-04 23:56:24: Connected to: D:\wwwroot\xzdd: D: NTFS: type=NTFS vol= flags=3E700FF
2017-07-04 23:56:24: FTP: Use MLST/MLSD command to list files
2017-07-04 23:56:24: Connected to: ftp://103.231.67.154: FileZilla Server 0.9.60 betawritten by Tim Kosse (tim.kosse@filezilla-project.org)Please visit https://filezilla-project.org/ ...: Syst='UNIX emulated by FileZilla' Feat='Features:: MDTM: REST STREAM: SIZE: MLST type*;size*;modify*;: MLSD: UTF8: CLNT: MFMT: EPSV: EPRT:End'
2017-07-04 23:56:24: Incremental Analyze for On File Change
2017-07-04 23:56:24: Copy Attributes is ON but one of file systems does not support it, so Attributes will not be copied
2017-07-04 23:56:24: == Rename Conflict Losing File is On, expect some weirdness in auto-resolving Vertical Conflicts
2017-07-04 23:56:24: -- Analysis Started by On File Change, After Delay, Under Runner
2017-07-04 23:56:24: ----- ：任务 'xz154'：计算机 'WIN-6970' 上的分析操作已由 On File Change, After Delay, Under Runner 所启动 (GoodSync v 10.4.1.5) -----
2017-07-04 23:56:24: D:\wwwroot\xzdd (D:/wwwroot/xzdd) [TmpDest] =PropDels=> ftp://103.231.67.154 [TmpDest], SavePrevVers, CleanupPrevVers=30d, LinksCopy, ReconnectSecs=120, OnFileChangeDelay=5, ChangeLimit=50, RenamesLosingFile
2017-07-04 23:56:24: 排除隐藏属性, 排除系统属性, 已排除 name *._gstmp|/System Volume Information|Thumbs.db|.DS_Store 
2017-07-04 23:56:24: Locking folder D:/wwwroot/xzdd for write
2017-07-04 23:56:24: 左侧: State File has changed, so re-read it: D:/wwwroot/xzdd/_gsdata_/_file_state_v4._gs
2017-07-04 23:56:24: 左侧: 读取状态文件 D:/wwwroot/xzdd/_gsdata_/_file_state_v4._gs
2017-07-04 23:56:24: Change in: D:/wwwroot/xzdd/runtime/logs/app.log
2017-07-04 23:56:24: Change in: D:/wwwroot/xzdd/log/alipay/2017-07-04.log
2017-07-04 23:56:24: Change in: D:/wwwroot/xzdd/runtime/logs/app.log
2017-07-04 23:56:24: Change in: D:/wwwroot/xzdd/log/alipay/2017-07-04.log
2017-07-04 23:56:24: Change in: D:/wwwroot/xzdd/runtime/logs/app.log
2017-07-04 23:56:24: Change in: D:/wwwroot/xzdd/runtime/logs/app.log
2017-07-04 23:56:24: Change in: D:/wwwroot/xzdd/runtime/logs/app.log
2017-07-04 23:56:24: Change in: D:/wwwroot/xzdd/runtime/logs/app.log
2017-07-04 23:56:24: Change in: D:/wwwroot/xzdd/runtime/logs/app.log
2017-07-04 23:56:24: Change in: D:/wwwroot/xzdd/runtime/logs/app.log
2017-07-04 23:56:24: Change in: D:/wwwroot/xzdd/log/alipay/2017-07-04.log
2017-07-04 23:56:24: Change in: D:/wwwroot/xzdd/runtime/logs/app.log
2017-07-04 23:56:24: Change in: D:/wwwroot/xzdd/runtime/logs/app.log
2017-07-04 23:56:24: Change in: D:/wwwroot/xzdd/runtime/logs/app.log
2017-07-04 23:56:24: Change in: D:/wwwroot/xzdd/runtime/logs/app.log
2017-07-04 23:56:24: Change in: D:/wwwroot/xzdd/runtime/logs/app.log
2017-07-04 23:56:24: Change in: D:/wwwroot/xzdd/runtime/logs/app.log
2017-07-04 23:56:24: Change in: D:/wwwroot/xzdd/runtime/logs/app.log
2017-07-04 23:56:24: Change in: D:/wwwroot/xzdd/runtime/logs/app.log
2017-07-04 23:56:24: Change in: D:/wwwroot/xzdd/runtime/logs/app.log
2017-07-04 23:56:24: Change in: D:/wwwroot/xzdd/runtime/logs/app.log
2017-07-04 23:56:24: Change in: D:/wwwroot/xzdd/runtime/logs/app.log
2017-07-04 23:56:24: Change in: D:/wwwroot/xzdd/runtime/logs/app.log
2017-07-04 23:56:24: Change in: D:/wwwroot/xzdd/runtime/logs/app.log
2017-07-04 23:56:24: Change in: D:/wwwroot/xzdd/log/alipay/2017-07-04.log
2017-07-04 23:56:24: Change in: D:/wwwroot/xzdd/runtime/logs/app.log
2017-07-04 23:56:24: Change in: D:/wwwroot/xzdd/runtime/logs/app.log
2017-07-04 23:56:24: Change in: D:/wwwroot/xzdd/runtime/logs/app.log
2017-07-04 23:56:24: Change in: D:/wwwroot/xzdd/runtime/logs/app.log
2017-07-04 23:56:24: Change in: D:/wwwroot/xzdd/runtime/logs/app.log
2017-07-04 23:56:24: Change in: D:/wwwroot/xzdd/runtime/logs/app.log
2017-07-04 23:56:24: Change in: D:/wwwroot/xzdd/runtime/logs/app.log
2017-07-04 23:56:24: Change in: D:/wwwroot/xzdd/runtime/logs/app.log
2017-07-04 23:56:24: Change in: D:/wwwroot/xzdd/runtime/logs/app.log
2017-07-04 23:56:24: Change in: D:/wwwroot/xzdd/runtime/logs/app.log
2017-07-04 23:56:24: Change in: D:/wwwroot/xzdd/log/alipay/2017-07-04.log
2017-07-04 23:56:24: Locking folder ftp://103.231.67.154 for write
2017-07-04 23:56:25: 同步需要磁盘 file:///D: 上的空间应为 0 字节，目前为 99.2 GB
2017-07-04 23:56:25: On disk ftp://103.231.67.154 space required for sync is 9.20 MB, free space is unknown
2017-07-04 23:56:25: 变更：2， 冲突：0， 复制时间：0， 复制状态：0/0， 错误： 0, All: 12351
2017-07-04 23:56:25: Left to Right: Copy File: 2 
2017-07-04 23:56:25: ----- ：分析已结束。 历时 00:00:02， 速度： 6093 个文件/秒 -----
2017-07-04 23:56:25: == Sync Started by On File Change, After Delay, Under Runner
2017-07-04 23:56:25: ===== ：任务 'xz154'：同步已被 On File Change, After Delay, Under Runner 所启动，位于计算机 'WIN-6970' =====
2017-07-04 23:56:25: D:\wwwroot\xzdd (D:/wwwroot/xzdd) [TmpDest] =PropDels=> ftp://103.231.67.154 [TmpDest], SavePrevVers, CleanupPrevVers=30d, LinksCopy, ReconnectSecs=120, OnFileChangeDelay=5, ChangeLimit=50, RenamesLosingFile
2017-07-04 23:56:28: Load Recycled DB: ftp://103.231.67.154/_gsdata_/_recycled_db._gs
2017-07-04 23:56:28: 覆盖复制 'D:/wwwroot/xzdd/log/alipay/2017-07-04.log' -> 'ftp://103.231.67.154/log/alipay/2017-07-04.log'
2017-07-04 23:56:34: Change detected [0]: t=Modified path=/runtime/logs/app.log
2017-07-04 23:56:38: Change detected [0]: t=Modified path=/runtime/logs/app.log
2017-07-04 23:57:00: Change detected [0]: t=Modified path=/log/alipay/2017-07-04.log
2017-07-04 23:57:00: Change detected [0]: t=Modified path=/runtime/logs/app.log
2017-07-04 23:57:04: D:\wwwroot\xzdd\runtime\logs\app.log: Downloaded 8852074 bytes, MORE than expected 8840126 bytes
2017-07-04 23:57:06: D:/wwwroot/xzdd/runtime/logs/app.log: Source file has changed during Sync from '[file] size=8840126 accu-time=2017-07-04 23:56:10 attr=Archive' to 'size=8852074 time=2017-07-04 23:57:00', will be retried
2017-07-04 23:57:06: Destination side file adjusted to '[file] size=8852074 accu-time=2017-07-04 23:56:57 file-time=2017-07-04 23:57:06 attr=Archive', to force retry
2017-07-04 23:57:06: 覆盖复制 'D:/wwwroot/xzdd/runtime/logs/app.log' -> 'ftp://103.231.67.154/runtime/logs/app.log'
2017-07-04 23:57:06: 保存状态文件 D:/wwwroot/xzdd/_gsdata_/_file_state_v4._gs
2017-07-04 23:57:07: 保存状态文件 ftp://103.231.67.154/_gsdata_/_file_state_v4._gs
2017-07-04 23:57:07: Save Recycled DB: ftp://103.231.67.154/_gsdata_/_recycled_db._gs
2017-07-04 23:57:07: ===== ：同步完毕。时间：00:00:42，速度： 228 KB/s =====, 项目同步未必： 2，错误： 0
2017-07-04 23:57:07: Unlocking folder D:/wwwroot/xzdd/_gsdata_/lock.gsl
2017-07-04 23:57:07: Unlocking folder ftp://103.231.67.154/_gsdata_/lock.gsl
2017-07-04 23:57:07: 
