2017-07-04 23:03:21: Copy Attributes is ON but one of file systems does not support it, so Attributes will not be copied
2017-07-04 23:03:21: -- Analysis Started by On File Change Incremental
2017-07-04 23:03:33: /runtime/cache/04/04336c0df543103faf96db3b53e3ad54.bin: 警告：旧文件将替换新文件
2017-07-04 23:03:33: /runtime/cache/2a/2a7e298cd6cf318107c1eba59bc32bf8.bin: 警告：旧文件将替换新文件
2017-07-04 23:03:33: /runtime/cache/46/46626992c3507d9c0b0f34d45e535466.bin: 警告：旧文件将替换新文件
2017-07-04 23:03:33: /runtime/cache/5d/5df342f733e9af5b0aa9b6c7b12717f2.bin: 警告：旧文件将替换新文件
2017-07-04 23:03:33: /runtime/cache/7c/7c1094dc7f135b717e43ea4e7cbba01f.bin: 警告：旧文件将替换新文件
2017-07-04 23:03:33: /runtime/cache/88/88d56a1e3f7548ed49d338bf13649a96.bin: 警告：旧文件将替换新文件
2017-07-04 23:03:33: /runtime/cache/96/963454f612a8b5fb4a63ba1e97f028a1.bin: 警告：旧文件将替换新文件
2017-07-04 23:03:33: /runtime/cache/ae/aee54b7e2675630a2c1eb716c740a088.bin: 警告：旧文件将替换新文件
2017-07-04 23:03:33: /runtime/cache/ca/ca78023fdca7fd0a29d8072d7e90a3a6.bin: 警告：旧文件将替换新文件
2017-07-04 23:03:33: /runtime/cache/e0/e06071f5cce8ce9c32bf29f97f8d7794.bin: 警告：旧文件将替换新文件
2017-07-04 23:03:33: /runtime/cache/f1/f154a0a7c80b8fa1576703610e8978fc.bin: 警告：旧文件将替换新文件
2017-07-04 23:03:33: /runtime/cache/f6/f6a1b2e08ca049a3271860f2859eabb5.bin: 警告：旧文件将替换新文件
2017-07-04 23:03:33: /runtime/cache/f9/f90ab1de9bef54e4a8c4bd9bde61f092.bin: 警告：旧文件将替换新文件
2017-07-04 23:03:33: /runtime/logs/app.log: 警告：旧文件将替换新文件
2017-07-04 23:03:33: 变更：149， 冲突：， 复制时间：， 复制状态：/1， 错误： , All: 12351
2017-07-04 23:03:33: Left to Right: Copy File: 15 Delete File: 134 
2017-07-04 23:03:33: == Sync Started by On File Change Incremental
2017-07-04 23:03:33: Job xz154 has common folder with this job and it is now running. Let it finish first
2017-07-04 23:03:33: 
